<?xml version="1.0" encoding="UTF-8"?>
<coverage generated="1544534167161" clover="3.2.0">
  <project timestamp="1544534167161" name="All files">
    <metrics statements="29" coveredstatements="21" conditionals="10" coveredconditionals="6" methods="5" coveredmethods="5" elements="44" coveredelements="32" complexity="0" loc="29" ncloc="29" packages="1" files="1" classes="1">
      <file name="server.lib-test.js" path="/Users/evasif/Documents/Tolvunarfraedi/Hagnýt gæðastjórnun og prófanir/HGOP/game-api/server.lib-test.js">
        <metrics statements="29" coveredstatements="21" conditionals="10" coveredconditionals="6" methods="5" coveredmethods="5"/>
        <line num="1" count="1" type="stmt"/>
        <line num="3" count="1" type="stmt"/>
        <line num="4" count="1" type="stmt"/>
        <line num="5" count="1" type="cond" truecount="1" falsecount="1"/>
        <line num="6" count="0" type="stmt"/>
        <line num="7" count="0" type="stmt"/>
        <line num="9" count="1" type="stmt"/>
        <line num="10" count="1" type="stmt"/>
        <line num="16" count="1" type="stmt"/>
        <line num="17" count="4" type="cond" truecount="1" falsecount="1"/>
        <line num="18" count="0" type="stmt"/>
        <line num="19" count="0" type="stmt"/>
        <line num="21" count="4" type="stmt"/>
        <line num="22" count="4" type="cond" truecount="1" falsecount="1"/>
        <line num="23" count="0" type="stmt"/>
        <line num="24" count="0" type="stmt"/>
        <line num="26" count="4" type="stmt"/>
        <line num="27" count="4" type="cond" truecount="2" falsecount="0"/>
        <line num="28" count="1" type="stmt"/>
        <line num="29" count="1" type="stmt"/>
        <line num="31" count="3" type="stmt"/>
        <line num="32" count="3" type="stmt"/>
        <line num="33" count="3" type="stmt"/>
        <line num="34" count="3" type="cond" truecount="1" falsecount="1"/>
        <line num="35" count="0" type="stmt"/>
        <line num="36" count="0" type="stmt"/>
        <line num="38" count="3" type="stmt"/>
        <line num="39" count="3" type="stmt"/>
        <line num="44" count="1" type="stmt"/>
      </file>
    </metrics>
  </project>
</coverage>
