TN:
SF:/Users/evasif/Documents/Tolvunarfraedi/Hagnýt gæðastjórnun og prófanir/HGOP/game-api/server.lib-test.js
FN:3,(anonymous_0)
FN:4,(anonymous_1)
FN:16,(anonymous_2)
FN:21,(anonymous_3)
FN:33,(anonymous_4)
FNF:5
FNH:5
FNDA:1,(anonymous_0)
FNDA:1,(anonymous_1)
FNDA:4,(anonymous_2)
FNDA:4,(anonymous_3)
FNDA:3,(anonymous_4)
DA:1,1
DA:3,1
DA:4,1
DA:5,1
DA:6,0
DA:7,0
DA:9,1
DA:10,1
DA:16,1
DA:17,4
DA:18,0
DA:19,0
DA:21,4
DA:22,4
DA:23,0
DA:24,0
DA:26,4
DA:27,4
DA:28,1
DA:29,1
DA:31,3
DA:32,3
DA:33,3
DA:34,3
DA:35,0
DA:36,0
DA:38,3
DA:39,3
DA:44,1
LF:29
LH:21
BRDA:5,0,0,0
BRDA:5,0,1,1
BRDA:17,1,0,0
BRDA:17,1,1,4
BRDA:22,2,0,0
BRDA:22,2,1,4
BRDA:27,3,0,1
BRDA:27,3,1,3
BRDA:34,4,0,0
BRDA:34,4,1,3
BRF:10
BRH:6
end_of_record
